[33mÔØ»[39m Building...
[32mÔ£ö[39m Building...
[35mBrowser bundles[39m      
[1mInitial chunk files[22m  [2m | [22m[1mNames[22m                     [2m | [22m [1mRaw size[22m[2m | [22m[1mEstimated transfer size[22m
[32mchunk-JJBKPX66.js[39m    [2m | [22m[2m-[22m                         [2m | [22m[36m178.88 kB[39m[2m | [22m               [36m52.50 kB[39m
[32mchunk-BWBDSH7O.js[39m    [2m | [22m[2m-[22m                         [2m | [22m [36m79.99 kB[39m[2m | [22m               [36m22.34 kB[39m
[32mchunk-AW7DDYBG.js[39m    [2m | [22m[2m-[22m                         [2m | [22m [36m78.56 kB[39m[2m | [22m               [36m18.60 kB[39m
[32mchunk-R2TIH75P.js[39m    [2m | [22m[2m-[22m                         [2m | [22m [36m77.99 kB[39m[2m | [22m               [36m19.37 kB[39m
[32mstyles-SALD6PTJ.css[39m  [2m | [22m[2mstyles[22m                    [2m | [22m [36m43.20 kB[39m[2m | [22m                [36m4.63 kB[39m
[32mpolyfills-6YOLJV4E.js[39m[2m | [22m[2mpolyfills[22m                 [2m | [22m [36m34.63 kB[39m[2m | [22m               [36m11.37 kB[39m
[32mmain-U3KPDCHZ.js[39m     [2m | [22m[2mmain[22m                      [2m | [22m  [36m9.02 kB[39m[2m | [22m                [36m3.27 kB[39m
[32mchunk-6T33WLAZ.js[39m    [2m | [22m[2m-[22m                         [2m | [22m  [36m2.40 kB[39m[2m | [22m                [36m1.03 kB[39m

[1m [22m                    [2m | [22m[1mInitial total[22m             [2m | [22m[1m504.68 kB[22m[2m | [22m              [1m133.11 kB[22m

[1mLazy chunk files[22m     [2m | [22m[1mNames[22m                     [2m | [22m [1mRaw size[22m[2m | [22m[1mEstimated transfer size[22m
[32mchunk-5B34JRIJ.js[39m    [2m | [22m[2mhiring-routes[22m             [2m | [22m  [36m1.55 MB[39m[2m | [22m              [36m441.25 kB[39m
[32mchunk-XGLYM5HS.js[39m    [2m | [22m[2mindex[22m                     [2m | [22m  [36m1.13 MB[39m[2m | [22m              [36m305.08 kB[39m
[32mchunk-YA57LUIV.js[39m    [2m | [22m[2mexceljs-min[22m               [2m | [22m[36m947.41 kB[39m[2m | [22m              [36m217.68 kB[39m
[32mchunk-DWLKKE5W.js[39m    [2m | [22m[2mdocument-management-routes[22m[2m | [22m[36m833.11 kB[39m[2m | [22m              [36m136.25 kB[39m
[32mchunk-2LZINA7P.js[39m    [2m | [22m[2m-[22m                         [2m | [22m[36m479.99 kB[39m[2m | [22m               [36m78.30 kB[39m
[32mchunk-ECJNSDRK.js[39m    [2m | [22m[2m-[22m                         [2m | [22m[36m432.18 kB[39m[2m | [22m              [36m119.44 kB[39m
[32mchunk-PLQA3DDS.js[39m    [2m | [22m[2m-[22m                         [2m | [22m[36m351.73 kB[39m[2m | [22m               [36m96.87 kB[39m
[32mworker-EJ3UDALM.js[39m   [2m | [22m[2marl-export-worker[22m         [2m | [22m[36m289.10 kB[39m[2m | [22m               [36m81.06 kB[39m
[32mchunk-45JBPQ4F.js[39m    [2m | [22m[2mhtml2canvas[22m               [2m | [22m[36m203.16 kB[39m[2m | [22m               [36m38.56 kB[39m
[32mchunk-3GO4E3BK.js[39m    [2m | [22m[2m-[22m                         [2m | [22m[36m191.87 kB[39m[2m | [22m               [36m28.73 kB[39m
[32mchunk-AI4S5XL4.js[39m    [2m | [22m[2mhome-component[22m            [2m | [22m[36m177.79 kB[39m[2m | [22m               [36m48.71 kB[39m
[32mchunk-WSQTMS5I.js[39m    [2m | [22m[2mindex-es[22m                  [2m | [22m[36m158.66 kB[39m[2m | [22m               [36m46.87 kB[39m
[32mchunk-EJBXUEWU.js[39m    [2m | [22m[2musers-routes[22m              [2m | [22m[36m149.85 kB[39m[2m | [22m               [36m27.63 kB[39m
[32mchunk-DWI6JWGW.js[39m    [2m | [22m[2m-[22m                         [2m | [22m [36m90.23 kB[39m[2m | [22m               [36m19.34 kB[39m
[32mchunk-MQ3FULHN.js[39m    [2m | [22m[2mmarket-routes[22m             [2m | [22m [36m78.65 kB[39m[2m | [22m               [36m15.51 kB[39m
[2m...and 50 more lazy chunks files. Use "--verbose" to show all the files.[22m


[35mServer bundles[39m       
[1mInitial chunk files[22m  [2m | [22m[1mNames[22m                     [2m | [22m [1mRaw size[22m
[32mserver.mjs[39m           [2m | [22m[2mserver[22m                    [2m | [22m  [36m1.33 MB[39m[2m | [22m                       
[32mchunk-X3GO5P5E.mjs[39m   [2m | [22m[2m-[22m                         [2m | [22m[36m448.42 kB[39m[2m | [22m                       
[32mpolyfills.server.mjs[39m [2m | [22m[2mpolyfills.server[22m          [2m | [22m[36m266.13 kB[39m[2m | [22m                       
[32mchunk-DMCIAPGX.mjs[39m   [2m | [22m[2m-[22m                         [2m | [22m[36m197.69 kB[39m[2m | [22m                       
[32mchunk-4PMUR2IL.mjs[39m   [2m | [22m[2m-[22m                         [2m | [22m [36m79.33 kB[39m[2m | [22m                       
[32mchunk-5GUGMIOZ.mjs[39m   [2m | [22m[2m-[22m                         [2m | [22m [36m78.22 kB[39m[2m | [22m                       
[32mchunk-ZBR6TBJA.mjs[39m   [2m | [22m[2m-[22m                         [2m | [22m [36m78.03 kB[39m[2m | [22m                       
[32mmain.server.mjs[39m      [2m | [22m[2mmain.server[22m               [2m | [22m  [36m7.52 kB[39m[2m | [22m                       
[32mchunk-CC5Z4HFU.mjs[39m   [2m | [22m[2m-[22m                         [2m | [22m  [36m3.00 kB[39m[2m | [22m                       
[32mchunk-YNLJNNUZ.mjs[39m   [2m | [22m[2m-[22m                         [2m | [22m[36m932 bytes[39m[2m | [22m                       
[32mchunk-GE6EG4C5.mjs[39m   [2m | [22m[2m-[22m                         [2m | [22m[36m616 bytes[39m[2m | [22m                       

[1mLazy chunk files[22m     [2m | [22m[1mNames[22m                     [2m | [22m [1mRaw size[22m
[32mchunk-3O736JNF.mjs[39m   [2m | [22m[2mhiring-routes[22m             [2m | [22m  [36m1.90 MB[39m[2m | [22m                       
[32mchunk-DRQOCMTK.mjs[39m   [2m | [22m[2mindex[22m                     [2m | [22m  [36m1.17 MB[39m[2m | [22m                       
[32mchunk-PGGQ3NT6.mjs[39m   [2m | [22m[2mexcel[22m                     [2m | [22m[36m843.34 kB[39m[2m | [22m                       
[32mchunk-NCKGE2PP.mjs[39m   [2m | [22m[2mdocument-management-routes[22m[2m | [22m[36m825.14 kB[39m[2m | [22m                       
[32mchunk-NJ7P6TXT.mjs[39m   [2m | [22m[2m-[22m                         [2m | [22m[36m480.03 kB[39m[2m | [22m                       
[32mchunk-YN2E6RGF.mjs[39m   [2m | [22m[2m-[22m                         [2m | [22m[36m432.21 kB[39m[2m | [22m                       
[32mchunk-GW2YG6DN.mjs[39m   [2m | [22m[2m-[22m                         [2m | [22m[36m352.25 kB[39m[2m | [22m                       
[32mchunk-JQKAO7SS.mjs[39m   [2m | [22m[2mhtml2canvas-esm[22m           [2m | [22m[36m202.97 kB[39m[2m | [22m                       
[32mchunk-WUW5EZKV.mjs[39m   [2m | [22m[2m-[22m                         [2m | [22m[36m191.91 kB[39m[2m | [22m                       
[32mchunk-C2HKO65R.mjs[39m   [2m | [22m[2mindex-es[22m                  [2m | [22m[36m159.32 kB[39m[2m | [22m                       
[32mchunk-7YO5VXIG.mjs[39m   [2m | [22m[2musers-routes[22m              [2m | [22m[36m149.40 kB[39m[2m | [22m                       
[32mchunk-MZYYSJJN.mjs[39m   [2m | [22m[2mhome-component[22m            [2m | [22m[36m114.56 kB[39m[2m | [22m                       
[32mchunk-CRFAEDDS.mjs[39m   [2m | [22m[2m-[22m                         [2m | [22m [36m90.15 kB[39m[2m | [22m                       
[32mchunk-CJGNTBXG.mjs[39m   [2m | [22m[2m-[22m                         [2m | [22m [36m80.10 kB[39m[2m | [22m                       
[32mchunk-OWJXGNMS.mjs[39m   [2m | [22m[2mmarket-routes[22m             [2m | [22m [36m78.23 kB[39m[2m | [22m                       
[2m...and 53 more lazy chunks files. Use "--verbose" to show all the files.[22m

[35mPrerendered 0 static routes.[39m
Application bundle generation complete. [21.610 seconds]

node.exe : [1m[33m[33mÔû▓ [43;33m[[43;30mWARNING[43;33m][0m [1mModule 'qrcode' used by 
'src/app/features/dashboard/submodule/home/home/home.component.ts' is not ESM[0m
En C:\nvm4w\nodejs\ng.ps1: 16 Carácter: 5
+     & "$basedir/node$exe"  "$basedir/node_modules/@angular/cli/bin/ng ...
+     ~~~~~~~~~~~~~~~~~~~~~~~~~~~~~~~~~~~~~~~~~~~~~~~~~~~~~~~~~~~~~~~~~
    + CategoryInfo          : NotSpecified: ([1m[33m[33mÔ... is not ESM[0m:String) [], RemoteExcepti 
   on
    + FullyQualifiedErrorId : NativeCommandError
 

  CommonJS or AMD dependencies can cause optimization bailouts.
  For more information see: [4mhttps://angular.dev/tools/cli/build#configuring-commonjs-dependencies[0m

[39m[22m
Output location: C:\Users\sebst\Documents\GITGUB\APOYO_LABORAL\TesoroApp\dist\tesoreria

